-- Attaching packages --------------------------------------- tidyverse 1.3.0 --
v ggplot2 3.2.1     v purrr   0.3.3
v tibble  2.1.3     v dplyr   0.8.4
v tidyr   1.0.2     v stringr 1.4.0
v readr   1.3.1     v forcats 0.4.0
-- Conflicts ------------------------------------------ tidyverse_conflicts() --
x dplyr::filter() masks stats::filter()
x dplyr::lag()    masks stats::lag()

Attaching package: 'lubridate'

The following object is masked from 'package:base':

    date


Attaching package: 'jsonlite'

The following object is masked from 'package:purrr':

    flatten

Parsed with column specification:
cols(
  date = col_date(format = ""),
  package = col_character(),
  totalViews = col_double(),
  uniqueViews = col_double(),
  totalClones = col_double(),
  uniqueClones = col_double()
)
Parsed with column specification:
cols(
  package = col_character(),
  referrer = col_character(),
  totalRefViews = col_double(),
  uniqueRefViews = col_double()
)
-- Attaching packages --------------------------------------- tidyverse 1.3.0 --
v ggplot2 3.2.1     v purrr   0.3.3
v tibble  2.1.3     v dplyr   0.8.4
v tidyr   1.0.2     v stringr 1.4.0
v readr   1.3.1     v forcats 0.4.0
-- Conflicts ------------------------------------------ tidyverse_conflicts() --
x dplyr::filter() masks stats::filter()
x dplyr::lag()    masks stats::lag()

Attaching package: 'lubridate'

The following object is masked from 'package:base':

    date


Attaching package: 'jsonlite'

The following object is masked from 'package:purrr':

    flatten

Parsed with column specification:
cols(
  date = col_date(format = ""),
  package = col_character(),
  totalViews = col_double(),
  uniqueViews = col_double(),
  totalClones = col_double(),
  uniqueClones = col_double()
)
Parsed with column specification:
cols(
  package = col_character(),
  referrer = col_character(),
  totalRefViews = col_double(),
  uniqueRefViews = col_double()
)
-- Attaching packages --------------------------------------- tidyverse 1.3.0 --
v ggplot2 3.2.1     v purrr   0.3.3
v tibble  2.1.3     v dplyr   0.8.4
v tidyr   1.0.2     v stringr 1.4.0
v readr   1.3.1     v forcats 0.4.0
-- Conflicts ------------------------------------------ tidyverse_conflicts() --
x dplyr::filter() masks stats::filter()
x dplyr::lag()    masks stats::lag()

Attaching package: 'lubridate'

The following object is masked from 'package:base':

    date


Attaching package: 'jsonlite'

The following object is masked from 'package:purrr':

    flatten

Parsed with column specification:
cols(
  date = col_date(format = ""),
  package = col_character(),
  totalViews = col_double(),
  uniqueViews = col_double(),
  totalClones = col_double(),
  uniqueClones = col_double()
)
Parsed with column specification:
cols(
  package = col_character(),
  referrer = col_character(),
  totalRefViews = col_double(),
  uniqueRefViews = col_double()
)
-- Attaching packages --------------------------------------- tidyverse 1.3.0 --
v ggplot2 3.2.1     v purrr   0.3.3
v tibble  2.1.3     v dplyr   0.8.4
v tidyr   1.0.2     v stringr 1.4.0
v readr   1.3.1     v forcats 0.4.0
-- Conflicts ------------------------------------------ tidyverse_conflicts() --
x dplyr::filter() masks stats::filter()
x dplyr::lag()    masks stats::lag()

Attaching package: 'lubridate'

The following object is masked from 'package:base':

    date


Attaching package: 'jsonlite'

The following object is masked from 'package:purrr':

    flatten

Parsed with column specification:
cols(
  date = col_date(format = ""),
  package = col_character(),
  totalViews = col_double(),
  uniqueViews = col_double(),
  totalClones = col_double(),
  uniqueClones = col_double()
)
Parsed with column specification:
cols(
  package = col_character(),
  referrer = col_character(),
  totalRefViews = col_double(),
  uniqueRefViews = col_double()
)
-- Attaching packages --------------------------------------- tidyverse 1.3.0 --
v ggplot2 3.2.1     v purrr   0.3.3
v tibble  2.1.3     v dplyr   0.8.4
v tidyr   1.0.2     v stringr 1.4.0
v readr   1.3.1     v forcats 0.4.0
-- Conflicts ------------------------------------------ tidyverse_conflicts() --
x dplyr::filter() masks stats::filter()
x dplyr::lag()    masks stats::lag()

Attaching package: 'lubridate'

The following object is masked from 'package:base':

    date


Attaching package: 'jsonlite'

The following object is masked from 'package:purrr':

    flatten

Parsed with column specification:
cols(
  date = col_date(format = ""),
  package = col_character(),
  totalViews = col_double(),
  uniqueViews = col_double(),
  totalClones = col_double(),
  uniqueClones = col_double()
)
Parsed with column specification:
cols(
  package = col_character(),
  referrer = col_character(),
  totalRefViews = col_double(),
  uniqueRefViews = col_double()
)
-- Attaching packages --------------------------------------- tidyverse 1.3.0 --
v ggplot2 3.2.1     v purrr   0.3.3
v tibble  2.1.3     v dplyr   0.8.4
v tidyr   1.0.2     v stringr 1.4.0
v readr   1.3.1     v forcats 0.4.0
-- Conflicts ------------------------------------------ tidyverse_conflicts() --
x dplyr::filter() masks stats::filter()
x dplyr::lag()    masks stats::lag()

Attaching package: 'lubridate'

The following object is masked from 'package:base':

    date


Attaching package: 'jsonlite'

The following object is masked from 'package:purrr':

    flatten

Parsed with column specification:
cols(
  date = col_date(format = ""),
  package = col_character(),
  totalViews = col_double(),
  uniqueViews = col_double(),
  totalClones = col_double(),
  uniqueClones = col_double()
)
Parsed with column specification:
cols(
  package = col_character(),
  referrer = col_character(),
  totalRefViews = col_double(),
  uniqueRefViews = col_double()
)
-- Attaching packages --------------------------------------- tidyverse 1.3.0 --
v ggplot2 3.3.0     v purrr   0.3.3
v tibble  3.0.0     v dplyr   0.8.5
v tidyr   1.0.2     v stringr 1.4.0
v readr   1.3.1     v forcats 0.5.0
-- Conflicts ------------------------------------------ tidyverse_conflicts() --
x dplyr::filter() masks stats::filter()
x dplyr::lag()    masks stats::lag()
Warning message:
package 'tibble' was built under R version 3.6.2 

Attaching package: 'lubridate'

The following objects are masked from 'package:dplyr':

    intersect, setdiff, union

The following objects are masked from 'package:base':

    date, intersect, setdiff, union


Attaching package: 'jsonlite'

The following object is masked from 'package:purrr':

    flatten

Parsed with column specification:
cols(
  date = col_date(format = ""),
  package = col_character(),
  totalViews = col_double(),
  uniqueViews = col_double(),
  totalClones = col_double(),
  uniqueClones = col_double()
)
Parsed with column specification:
cols(
  package = col_character(),
  referrer = col_character(),
  totalRefViews = col_double(),
  uniqueRefViews = col_double()
)
-- Attaching packages --------------------------------------- tidyverse 1.3.0 --
v ggplot2 3.3.0     v purrr   0.3.3
v tibble  3.0.0     v dplyr   0.8.5
v tidyr   1.0.2     v stringr 1.4.0
v readr   1.3.1     v forcats 0.5.0
-- Conflicts ------------------------------------------ tidyverse_conflicts() --
x dplyr::filter() masks stats::filter()
x dplyr::lag()    masks stats::lag()
Warning message:
package 'tibble' was built under R version 3.6.2 

Attaching package: 'lubridate'

The following objects are masked from 'package:dplyr':

    intersect, setdiff, union

The following objects are masked from 'package:base':

    date, intersect, setdiff, union


Attaching package: 'jsonlite'

The following object is masked from 'package:purrr':

    flatten

Parsed with column specification:
cols(
  date = col_date(format = ""),
  package = col_character(),
  totalViews = col_double(),
  uniqueViews = col_double(),
  totalClones = col_double(),
  uniqueClones = col_double()
)
Parsed with column specification:
cols(
  package = col_character(),
  referrer = col_character(),
  totalRefViews = col_double(),
  uniqueRefViews = col_double()
)
-- Attaching packages --------------------------------------- tidyverse 1.3.0 --
v ggplot2 3.3.0     v purrr   0.3.3
v tibble  3.0.0     v dplyr   0.8.5
v tidyr   1.0.2     v stringr 1.4.0
v readr   1.3.1     v forcats 0.5.0
-- Conflicts ------------------------------------------ tidyverse_conflicts() --
x dplyr::filter() masks stats::filter()
x dplyr::lag()    masks stats::lag()
Warning message:
package 'tibble' was built under R version 3.6.2 

Attaching package: 'lubridate'

The following objects are masked from 'package:dplyr':

    intersect, setdiff, union

The following objects are masked from 'package:base':

    date, intersect, setdiff, union


Attaching package: 'jsonlite'

The following object is masked from 'package:purrr':

    flatten

Parsed with column specification:
cols(
  date = col_date(format = ""),
  package = col_character(),
  totalViews = col_double(),
  uniqueViews = col_double(),
  totalClones = col_double(),
  uniqueClones = col_double()
)
Parsed with column specification:
cols(
  package = col_character(),
  referrer = col_character(),
  totalRefViews = col_double(),
  uniqueRefViews = col_double()
)
-- Attaching packages --------------------------------------- tidyverse 1.3.0 --
v ggplot2 3.3.0     v purrr   0.3.3
v tibble  3.0.0     v dplyr   0.8.5
v tidyr   1.0.2     v stringr 1.4.0
v readr   1.3.1     v forcats 0.5.0
-- Conflicts ------------------------------------------ tidyverse_conflicts() --
x dplyr::filter() masks stats::filter()
x dplyr::lag()    masks stats::lag()

Attaching package: 'lubridate'

The following objects are masked from 'package:dplyr':

    intersect, setdiff, union

The following objects are masked from 'package:base':

    date, intersect, setdiff, union


Attaching package: 'jsonlite'

The following object is masked from 'package:purrr':

    flatten

Parsed with column specification:
cols(
  date = col_date(format = ""),
  package = col_character(),
  totalViews = col_double(),
  uniqueViews = col_double(),
  totalClones = col_double(),
  uniqueClones = col_double()
)
Parsed with column specification:
cols(
  package = col_character(),
  referrer = col_character(),
  totalRefViews = col_double(),
  uniqueRefViews = col_double()
)
-- Attaching packages --------------------------------------- tidyverse 1.3.0 --
v ggplot2 3.3.2     v purrr   0.3.4
v tibble  3.0.3     v dplyr   1.0.0
v tidyr   1.1.0     v stringr 1.4.0
v readr   1.3.1     v forcats 0.5.0
-- Conflicts ------------------------------------------ tidyverse_conflicts() --
x dplyr::filter() masks stats::filter()
x dplyr::lag()    masks stats::lag()

Attaching package: 'lubridate'

The following objects are masked from 'package:base':

    date, intersect, setdiff, union


Attaching package: 'jsonlite'

The following object is masked from 'package:purrr':

    flatten

Parsed with column specification:
cols(
  date = col_date(format = ""),
  package = col_character(),
  totalViews = col_double(),
  uniqueViews = col_double(),
  totalClones = col_double(),
  uniqueClones = col_double()
)
Parsed with column specification:
cols(
  package = col_character(),
  referrer = col_character(),
  totalRefViews = col_double(),
  uniqueRefViews = col_double()
)
`summarise()` regrouping output by 'package' (override with `.groups` argument)
-- Attaching packages --------------------------------------- tidyverse 1.3.0 --
v ggplot2 3.3.2     v purrr   0.3.4
v tibble  3.0.3     v dplyr   1.0.0
v tidyr   1.1.0     v stringr 1.4.0
v readr   1.3.1     v forcats 0.5.0
-- Conflicts ------------------------------------------ tidyverse_conflicts() --
x dplyr::filter() masks stats::filter()
x dplyr::lag()    masks stats::lag()

Attaching package: 'lubridate'

The following objects are masked from 'package:base':

    date, intersect, setdiff, union


Attaching package: 'jsonlite'

The following object is masked from 'package:purrr':

    flatten

Parsed with column specification:
cols(
  date = col_date(format = ""),
  package = col_character(),
  totalViews = col_double(),
  uniqueViews = col_double(),
  totalClones = col_double(),
  uniqueClones = col_double()
)
Parsed with column specification:
cols(
  package = col_character(),
  referrer = col_character(),
  totalRefViews = col_double(),
  uniqueRefViews = col_double()
)
`summarise()` regrouping output by 'package' (override with `.groups` argument)
-- Attaching packages --------------------------------------- tidyverse 1.3.0 --
v ggplot2 3.3.2     v purrr   0.3.4
v tibble  3.0.3     v dplyr   1.0.0
v tidyr   1.1.0     v stringr 1.4.0
v readr   1.3.1     v forcats 0.5.0
-- Conflicts ------------------------------------------ tidyverse_conflicts() --
x dplyr::filter() masks stats::filter()
x dplyr::lag()    masks stats::lag()

Attaching package: 'lubridate'

The following objects are masked from 'package:base':

    date, intersect, setdiff, union


Attaching package: 'jsonlite'

The following object is masked from 'package:purrr':

    flatten

Parsed with column specification:
cols(
  date = col_date(format = ""),
  package = col_character(),
  totalViews = col_double(),
  uniqueViews = col_double(),
  totalClones = col_double(),
  uniqueClones = col_double()
)
Parsed with column specification:
cols(
  package = col_character(),
  referrer = col_character(),
  totalRefViews = col_double(),
  uniqueRefViews = col_double()
)
`summarise()` regrouping output by 'package' (override with `.groups` argument)
-- Attaching packages --------------------------------------- tidyverse 1.3.0 --
v ggplot2 3.3.2     v purrr   0.3.4
v tibble  3.0.3     v dplyr   1.0.0
v tidyr   1.1.0     v stringr 1.4.0
v readr   1.3.1     v forcats 0.5.0
-- Conflicts ------------------------------------------ tidyverse_conflicts() --
x dplyr::filter() masks stats::filter()
x dplyr::lag()    masks stats::lag()

Attaching package: 'lubridate'

The following objects are masked from 'package:base':

    date, intersect, setdiff, union


Attaching package: 'jsonlite'

The following object is masked from 'package:purrr':

    flatten

Parsed with column specification:
cols(
  date = col_date(format = ""),
  package = col_character(),
  totalViews = col_double(),
  uniqueViews = col_double(),
  totalClones = col_double(),
  uniqueClones = col_double()
)
Parsed with column specification:
cols(
  package = col_character(),
  referrer = col_character(),
  totalRefViews = col_double(),
  uniqueRefViews = col_double()
)
`summarise()` regrouping output by 'package' (override with `.groups` argument)
-- Attaching packages --------------------------------------- tidyverse 1.3.0 --
v ggplot2 3.3.2     v purrr   0.3.4
v tibble  3.0.3     v dplyr   1.0.0
v tidyr   1.1.0     v stringr 1.4.0
v readr   1.3.1     v forcats 0.5.0
-- Conflicts ------------------------------------------ tidyverse_conflicts() --
x dplyr::filter() masks stats::filter()
x dplyr::lag()    masks stats::lag()

Attaching package: 'lubridate'

The following objects are masked from 'package:base':

    date, intersect, setdiff, union


Attaching package: 'jsonlite'

The following object is masked from 'package:purrr':

    flatten

Parsed with column specification:
cols(
  date = col_date(format = ""),
  package = col_character(),
  totalViews = col_double(),
  uniqueViews = col_double(),
  totalClones = col_double(),
  uniqueClones = col_double()
)
Parsed with column specification:
cols(
  package = col_character(),
  referrer = col_character(),
  totalRefViews = col_double(),
  uniqueRefViews = col_double()
)
`summarise()` regrouping output by 'package' (override with `.groups` argument)
-- Attaching packages --------------------------------------- tidyverse 1.3.0 --
v ggplot2 3.3.2     v purrr   0.3.4
v tibble  3.0.3     v dplyr   1.0.0
v tidyr   1.1.0     v stringr 1.4.0
v readr   1.3.1     v forcats 0.5.0
-- Conflicts ------------------------------------------ tidyverse_conflicts() --
x dplyr::filter() masks stats::filter()
x dplyr::lag()    masks stats::lag()

Attaching package: 'lubridate'

The following objects are masked from 'package:base':

    date, intersect, setdiff, union


Attaching package: 'jsonlite'

The following object is masked from 'package:purrr':

    flatten

Parsed with column specification:
cols(
  date = col_date(format = ""),
  package = col_character(),
  totalViews = col_double(),
  uniqueViews = col_double(),
  totalClones = col_double(),
  uniqueClones = col_double()
)
Parsed with column specification:
cols(
  package = col_character(),
  referrer = col_character(),
  totalRefViews = col_double(),
  uniqueRefViews = col_double()
)
`summarise()` regrouping output by 'package' (override with `.groups` argument)
-- Attaching packages --------------------------------------- tidyverse 1.3.0 --
v ggplot2 3.3.2     v purrr   0.3.4
v tibble  3.0.3     v dplyr   1.0.0
v tidyr   1.1.0     v stringr 1.4.0
v readr   1.3.1     v forcats 0.5.0
-- Conflicts ------------------------------------------ tidyverse_conflicts() --
x dplyr::filter() masks stats::filter()
x dplyr::lag()    masks stats::lag()

Attaching package: 'lubridate'

The following objects are masked from 'package:base':

    date, intersect, setdiff, union


Attaching package: 'jsonlite'

The following object is masked from 'package:purrr':

    flatten

Parsed with column specification:
cols(
  date = col_date(format = ""),
  package = col_character(),
  totalViews = col_double(),
  uniqueViews = col_double(),
  totalClones = col_double(),
  uniqueClones = col_double()
)
Parsed with column specification:
cols(
  package = col_character(),
  referrer = col_character(),
  totalRefViews = col_double(),
  uniqueRefViews = col_double()
)
`summarise()` regrouping output by 'package' (override with `.groups` argument)
-- Attaching packages --------------------------------------- tidyverse 1.3.0 --
v ggplot2 3.3.2     v purrr   0.3.4
v tibble  3.0.3     v dplyr   1.0.0
v tidyr   1.1.0     v stringr 1.4.0
v readr   1.3.1     v forcats 0.5.0
-- Conflicts ------------------------------------------ tidyverse_conflicts() --
x dplyr::filter() masks stats::filter()
x dplyr::lag()    masks stats::lag()

Attaching package: 'lubridate'

The following objects are masked from 'package:base':

    date, intersect, setdiff, union


Attaching package: 'jsonlite'

The following object is masked from 'package:purrr':

    flatten

Parsed with column specification:
cols(
  date = col_date(format = ""),
  package = col_character(),
  totalViews = col_double(),
  uniqueViews = col_double(),
  totalClones = col_double(),
  uniqueClones = col_double()
)
Parsed with column specification:
cols(
  package = col_character(),
  referrer = col_character(),
  totalRefViews = col_double(),
  uniqueRefViews = col_double()
)
`summarise()` regrouping output by 'package' (override with `.groups` argument)
-- Attaching packages --------------------------------------- tidyverse 1.3.0 --
v ggplot2 3.3.2     v purrr   0.3.4
v tibble  3.0.3     v dplyr   1.0.0
v tidyr   1.1.0     v stringr 1.4.0
v readr   1.3.1     v forcats 0.5.0
-- Conflicts ------------------------------------------ tidyverse_conflicts() --
x dplyr::filter() masks stats::filter()
x dplyr::lag()    masks stats::lag()

Attaching package: 'lubridate'

The following objects are masked from 'package:base':

    date, intersect, setdiff, union


Attaching package: 'jsonlite'

The following object is masked from 'package:purrr':

    flatten

Parsed with column specification:
cols(
  date = col_date(format = ""),
  package = col_character(),
  totalViews = col_double(),
  uniqueViews = col_double(),
  totalClones = col_double(),
  uniqueClones = col_double()
)
Parsed with column specification:
cols(
  package = col_character(),
  referrer = col_character(),
  totalRefViews = col_double(),
  uniqueRefViews = col_double()
)
`summarise()` regrouping output by 'package' (override with `.groups` argument)
-- Attaching packages --------------------------------------- tidyverse 1.3.0 --
v ggplot2 3.3.2     v purrr   0.3.4
v tibble  3.0.3     v dplyr   1.0.0
v tidyr   1.1.0     v stringr 1.4.0
v readr   1.3.1     v forcats 0.5.0
-- Conflicts ------------------------------------------ tidyverse_conflicts() --
x dplyr::filter() masks stats::filter()
x dplyr::lag()    masks stats::lag()

Attaching package: 'lubridate'

The following objects are masked from 'package:base':

    date, intersect, setdiff, union


Attaching package: 'jsonlite'

The following object is masked from 'package:purrr':

    flatten

Parsed with column specification:
cols(
  date = col_date(format = ""),
  package = col_character(),
  totalViews = col_double(),
  uniqueViews = col_double(),
  totalClones = col_double(),
  uniqueClones = col_double()
)
Parsed with column specification:
cols(
  package = col_character(),
  referrer = col_character(),
  totalRefViews = col_double(),
  uniqueRefViews = col_double()
)
`summarise()` regrouping output by 'package' (override with `.groups` argument)
-- Attaching packages --------------------------------------- tidyverse 1.3.0 --
v ggplot2 3.3.2     v purrr   0.3.4
v tibble  3.0.3     v dplyr   1.0.0
v tidyr   1.1.0     v stringr 1.4.0
v readr   1.3.1     v forcats 0.5.0
-- Conflicts ------------------------------------------ tidyverse_conflicts() --
x dplyr::filter() masks stats::filter()
x dplyr::lag()    masks stats::lag()

Attaching package: 'lubridate'

The following objects are masked from 'package:base':

    date, intersect, setdiff, union


Attaching package: 'jsonlite'

The following object is masked from 'package:purrr':

    flatten

Parsed with column specification:
cols(
  date = col_date(format = ""),
  package = col_character(),
  totalViews = col_double(),
  uniqueViews = col_double(),
  totalClones = col_double(),
  uniqueClones = col_double()
)
Parsed with column specification:
cols(
  package = col_character(),
  referrer = col_character(),
  totalRefViews = col_double(),
  uniqueRefViews = col_double()
)
`summarise()` regrouping output by 'package' (override with `.groups` argument)
-- Attaching packages --------------------------------------- tidyverse 1.3.0 --
v ggplot2 3.3.2     v purrr   0.3.4
v tibble  3.0.3     v dplyr   1.0.0
v tidyr   1.1.0     v stringr 1.4.0
v readr   1.3.1     v forcats 0.5.0
-- Conflicts ------------------------------------------ tidyverse_conflicts() --
x dplyr::filter() masks stats::filter()
x dplyr::lag()    masks stats::lag()

Attaching package: 'lubridate'

The following objects are masked from 'package:base':

    date, intersect, setdiff, union


Attaching package: 'jsonlite'

The following object is masked from 'package:purrr':

    flatten

Parsed with column specification:
cols(
  date = col_date(format = ""),
  package = col_character(),
  totalViews = col_double(),
  uniqueViews = col_double(),
  totalClones = col_double(),
  uniqueClones = col_double()
)
Parsed with column specification:
cols(
  package = col_character(),
  referrer = col_character(),
  totalRefViews = col_double(),
  uniqueRefViews = col_double()
)
`summarise()` regrouping output by 'package' (override with `.groups` argument)
